<?xml version="1.0" encoding="UTF-8"?>
<testng-results skipped="0" failed="0" ignored="0" total="1" passed="1">
  <reporter-output>
  </reporter-output>
  <suite name="Default suite" duration-ms="15799" started-at="2020-10-19T15:41:26Z" finished-at="2020-10-19T15:41:42Z">
    <groups>
      <group name="cucumber">
        <method signature="AbstractTestNGCucumberTests.runScenario(cucumber.api.testng.PickleEventWrapper, cucumber.api.testng.CucumberFeatureWrapper)[pri:0, instance:RunNhsBsaTest@2f953efd]" name="runScenario" class="cucumber.api.testng.AbstractTestNGCucumberTests"/>
      </group> <!-- cucumber -->
    </groups>
    <test name="Default test" duration-ms="15799" started-at="2020-10-19T15:41:26Z" finished-at="2020-10-19T15:41:42Z">
      <class name="RunNhsBsaTest">
        <test-method status="PASS" signature="setUpClass()[pri:0, instance:RunNhsBsaTest@2f953efd]" name="setUpClass" is-config="true" duration-ms="272" started-at="2020-10-19T15:41:26Z" finished-at="2020-10-19T15:41:26Z">
          <reporter-output>
          </reporter-output>
        </test-method> <!-- setUpClass -->
        <test-method status="PASS" signature="runScenario(cucumber.api.testng.PickleEventWrapper, cucumber.api.testng.CucumberFeatureWrapper)[pri:0, instance:RunNhsBsaTest@2f953efd]" name="runScenario" duration-ms="15241" started-at="2020-10-19T15:41:26Z" description="Runs Cucumber Scenarios" data-provider="scenarios" finished-at="2020-10-19T15:41:41Z">
          <params>
            <param index="0">
              <value>
                <![CDATA["Verify Eligibility for paid NHS Cost"]]>
              </value>
            </param>
            <param index="1">
              <value>
                <![CDATA["Eligibility Checker"]]>
              </value>
            </param>
          </params>
          <reporter-output>
          </reporter-output>
        </test-method> <!-- runScenario -->
        <test-method status="PASS" signature="tearDownClass()[pri:0, instance:RunNhsBsaTest@2f953efd]" name="tearDownClass" is-config="true" duration-ms="174" started-at="2020-10-19T15:41:41Z" finished-at="2020-10-19T15:41:42Z">
          <reporter-output>
          </reporter-output>
        </test-method> <!-- tearDownClass -->
        <test-method status="PASS" signature="generateReport()[pri:0, instance:RunNhsBsaTest@2f953efd]" name="generateReport" is-config="true" duration-ms="2098" started-at="2020-10-19T15:41:42Z" finished-at="2020-10-19T15:41:44Z">
          <reporter-output>
          </reporter-output>
        </test-method> <!-- generateReport -->
      </class> <!-- RunNhsBsaTest -->
    </test> <!-- Default test -->
  </suite> <!-- Default suite -->
</testng-results>
